1532873340729	geckodriver	INFO	geckodriver 0.21.0
1532873340739	geckodriver	INFO	Listening on 127.0.0.1:2316
1532873343752	mozrunner::runner	INFO	Running command: "C:\\Program Files\\Mozilla Firefox\\firefox.exe" "-marionette" "-foreground" "-no-remote" "-profile" "C:\\Users\\Jess\\AppData\\Local\\Temp\\rust_mozprofile.IoKUnQ1RaZbI"
Unable to read VR Path Registry from C:\Users\Jess\AppData\Local\openvr\openvrpaths.vrpath
Unable to read VR Path Registry from C:\Users\Jess\AppData\Local\openvr\openvrpaths.vrpath
Unable to read VR Path Registry from C:\Users\Jess\AppData\Local\openvr\openvrpaths.vrpath
Unable to read VR Path Registry from C:\Users\Jess\AppData\Local\openvr\openvrpaths.vrpath
Unable to read VR Path Registry from C:\Users\Jess\AppData\Local\openvr\openvrpaths.vrpath
1532873348198	Marionette	INFO	Listening on port 2353
1532873348287	Marionette	WARN	TLS certificate errors will be ignored for this session
[Parent 11316, Gecko_IOThread] WARNING: pipe error: 109: file z:/build/build/src/ipc/chromium/src/chrome/common/ipc_channel_win.cc, line 346
[Child 6604, Chrome_ChildThread] WARNING: pipe error: 109: file z:/build/build/src/ipc/chromium/src/chrome/common/ipc_channel_win.cc, line 346
[Child 6604, Chrome_[Child 1972, Chrome_ChildThread] WARNING: pipe error: 109: file z:/build/build/src/ipc/chromium/src/chrome/common/ipc_channel_win.cc, line 346
[Child 1972, Ch[Parent 11316, Gecko_IOThread] WARNING: pipe error: 109: file z:/build/build/src/ipc/chromium/src/chrome/common/ipc_channel_win.cc, line 346
[Child 1560, Chrome_ChildThread] WARNING: pipe error: 109: file z:/build/build/src/ipc/chromium/src/chrome/common/ipc_channel_win.cc, line 346
[Child 1560, Chrome_*** UTM:SVC TimerManager:registerTimer called after profile-before-change notification. Ignoring timer registration for id: telemetry_modules_ping
[GPU 16036, Chrome_ChildThread] 
###!!! [Child][MessageChannel::SendAndWait] Error: Channel error: cannot send/recv

1532874019112	geckodriver	INFO	geckodriver 0.21.0
1532874019125	geckodriver	INFO	Listening on 127.0.0.1:6168
1532874022193	mozrunner::runner	INFO	Running command: "C:\\Program Files\\Mozilla Firefox\\firefox.exe" "-marionette" "-foreground" "-no-remote" "-profile" "C:\\Users\\Jess\\AppData\\Local\\Temp\\rust_mozprofile.u6F3WBKtbwkH"
Unable to read VR Path Registry from C:\Users\Jess\AppData\Local\openvr\openvrpaths.vrpath
Unable to read VR Path Registry from C:\Users\Jess\AppData\Local\openvr\openvrpaths.vrpath
Unable to read VR Path Registry from C:\Users\Jess\AppData\Local\openvr\openvrpaths.vrpath
Unable to read VR Path Registry from C:\Users\Jess\AppData\Local\openvr\openvrpaths.vrpath
Unable to read VR Path Registry from C:\Users\Jess\AppData\Local\openvr\openvrpaths.vrpath
1532874024954	Marionette	INFO	Listening on port 6179
1532874025458	Marionette	WARN	TLS certificate errors will be ignored for this session
[Parent 7056, Gecko_IOThread] WARNING: pipe error: 109: file z:/build/build/src/ipc/chromium/src/chrome/common/ipc_channel_win.cc, line 346
[Child 7504, Chrome_ChildThread] WARNING: pipe error: 109: file z:/build/build/src/ipc/chromium/src/chrome/common/ipc_channel_win.cc, line 346
[Child 7504, Chro[Parent 7056, Gecko_IOThread] WARNING: pipe error: 109: file z:/build/build/src/ipc/chromium/src/chrome/common/ipc_channel_win.cc, line 346
[Child 12832, Chrome_ChildThread] WARNING: pipe error: 109: file z:/build/build/src/ipc/chromium/src/chrome/common/ipc_channel_win.cc, line 346
[Child 12832, Chro*** UTM:SVC TimerManager:registerTimer called after profile-before-change notification. Ignoring timer registration for id: telemetry_modules_ping
[GPU 244, Chrome_ChildThread] WA
###!!! [Child][MessageChannel::SendAndWait] Error: Channel error: cannot send/recv

1532874133046	geckodriver	INFO	geckodriver 0.21.0
1532874133056	geckodriver	INFO	Listening on 127.0.0.1:6667
1532874136078	mozrunner::runner	INFO	Running command: "C:\\Program Files\\Mozilla Firefox\\firefox.exe" "-marionette" "-foreground" "-no-remote" "-profile" "C:\\Users\\Jess\\AppData\\Local\\Temp\\rust_mozprofile.J3QqKsBk1sUw"
Unable to read VR Path Registry from C:\Users\Jess\AppData\Local\openvr\openvrpaths.vrpath
Unable to read VR Path Registry from C:\Users\Jess\AppData\Local\openvr\openvrpaths.vrpath
Unable to read VR Path Registry from C:\Users\Jess\AppData\Local\openvr\openvrpaths.vrpath
Unable to read VR Path Registry from C:\Users\Jess\AppData\Local\openvr\openvrpaths.vrpath
Unable to read VR Path Registry from C:\Users\Jess\AppData\Local\openvr\openvrpaths.vrpath
1532874138138	Marionette	INFO	Listening on port 6712
1532874138249	Marionette	WARN	TLS certificate errors will be ignored for this session
JavaScript warning: http://home.firefoxchina.cn/js/mozMainScript-min.js?v=20180622v1, line 1: unreachable code after return statement
JavaScript warning: http://home.firefoxchina.cn/js/mozMainScript-min.js?v=20180622v1, line 1: unreachable code after return statement
Unable to read VR Path Registry from C:\Users\Jess\AppData\Local\openvr\openvrpaths.vrpath
JavaScript error: https://ss1.bdstatic.com/5eN1bjq8AAUYm2zgoY3K/r/www/cache/static/protocol/https/plugins/every_cookie_4644b13.js, line 4: ReferenceError: c is not defined

###!!! [Parent][DispatchAsyncMessage] Error: PClientSourceOp::Msg___delete__ Route error: message sent to unknown actor ID

JavaScript error: https://login.taobao.com/jump?target=https://www.tmall.com, line 26: SyntaxError: expected expression, got '<'
[Parent 13580, Gecko_IOThread] WARNING: pipe error: 109: file z:/build/build/src/ipc/chromium/src/chrome/common/ipc_channel_win.cc, line 346
Unable to read VR Path Registry from C:\Users\Jess\AppData\Local\openvr\openvrpaths.vrpath
[Parent 13580, Gecko_IOThread] WARNING: pipe error: 109: file z:/build/build/src/ipc/chromium/src/chrome/common/ipc_channel_win.cc, line 346
[Parent 13580, Gecko_IOThread] WARNING: pipe error: 109: file z:/build/build/src/ipc/chromium/src/chrome/common/ipc_channel_win.cc, line 346
[Parent 13580, Gecko_IOThread] WARNING: pipe error: 109: file z:/build/build/src/ipc/chromium/src/chrome/common/ipc_channel_win.cc, line 346
[Parent 13580, Gecko_IOThread] WARNING: pipe error: 109: file z:/build/build/src/ipc/chromium/src/chrome/common/ipc_channel_win.cc, line 346
[Child 2180, Chrome_ChildThread] WARNING: pipe error: 109: file z:/build/build/src/ipc/chromium/src/chrome/common/ipc_channel_win.cc, line 346
[Child 2180, Chrome_ChildThread] [Child 9352, Chrome_ChildThread] WARNING: pipe error: 109: file z:/build/build/src/ipc/chromium/src/chrome/common/ipc_channel_win.cc, line 346
[Ch[Chilild
###!!! [Child][RunMessage] Error: Channel closing: too late to send/recv, messages will be lost

 9352, Chrome_ChildThred 7900, Chrome_ChildThread] WARNING: pipe error: 109: file z:/build/build/src/ipc/chromium/src/chrome/common/ipc_channel_win.cc, line 346
[Child 7900, Chrome_[Child 15232, Chrome_ChildThread] WARNING: pipe error: 109: file z:/build/build/src/ipc/chromium/src/chrome/common/ipc_channel_win.cc, line 346
[Child 15232, Chrome_Ch[Parent 13580, Gecko_IOThread] WARNING: pipe error: 109: file z:/build/build/src/ipc/chromium/src/chrome/common/ipc_channel_win.cc, line 346
[Child 14504, Chrome_ChildThread] WARNING: pipe error: 109: file z:/build/build/src/ipc/chromium/src/chrome/common/ipc_channel_win.cc, line 346
[Child 14504,[GPU 16444, Chrome_ChildThr
###!!! [Child][MessageChannel::SendAndWait] Error: Channel error: cannot send/recv

